1749142181.242136 client started (9594): version 3.4, socket /tmp/tmux-1000/default, protocol 8
1749142181.242367 on Linux 6.6.87.1-microsoft-standard-WSL2 #1 SMP PREEMPT_DYNAMIC Mon Apr 21 17:08:54 UTC 2025
1749142181.242393 using libevent 2.1.12-stable poll
1749142181.242404 using ncurses 6.4 20240113
1749142181.242461 flags are 0x10010000
1749142181.242509 socket is /tmp/tmux-1000/default
1749142181.242554 trying connect
1749142181.242773 add peer 0x5e835402f9c0: 6 ((nil))
1749142181.268880 sending message 100 to peer 0x5e835402f9c0 (4 bytes)
1749142181.269103 sending message 111 to peer 0x5e835402f9c0 (8 bytes)
1749142181.269126 sending message 101 to peer 0x5e835402f9c0 (14 bytes)
1749142181.269138 sending message 109 to peer 0x5e835402f9c0 (4 bytes)
1749142181.269150 sending message 102 to peer 0x5e835402f9c0 (11 bytes)
1749142181.269162 sending message 108 to peer 0x5e835402f9c0 (26 bytes)
1749142181.269174 sending message 112 to peer 0x5e835402f9c0 (70 bytes)
1749142181.269187 sending message 112 to peer 0x5e835402f9c0 (5 bytes)
1749142181.269198 sending message 112 to peer 0x5e835402f9c0 (5 bytes)
1749142181.269211 sending message 112 to peer 0x5e835402f9c0 (6 bytes)
1749142181.269223 sending message 112 to peer 0x5e835402f9c0 (6 bytes)
1749142181.269235 sending message 112 to peer 0x5e835402f9c0 (11 bytes)
1749142181.269247 sending message 112 to peer 0x5e835402f9c0 (10 bytes)
1749142181.269259 sending message 112 to peer 0x5e835402f9c0 (13 bytes)
1749142181.269272 sending message 112 to peer 0x5e835402f9c0 (13 bytes)
1749142181.269284 sending message 112 to peer 0x5e835402f9c0 (18 bytes)
1749142181.269296 sending message 112 to peer 0x5e835402f9c0 (11 bytes)
1749142181.269308 sending message 112 to peer 0x5e835402f9c0 (10 bytes)
1749142181.269321 sending message 112 to peer 0x5e835402f9c0 (15 bytes)
1749142181.269333 sending message 112 to peer 0x5e835402f9c0 (21 bytes)
1749142181.269344 sending message 112 to peer 0x5e835402f9c0 (13 bytes)
1749142181.269356 sending message 112 to peer 0x5e835402f9c0 (7 bytes)
1749142181.269367 sending message 112 to peer 0x5e835402f9c0 (13 bytes)
1749142181.269379 sending message 112 to peer 0x5e835402f9c0 (7 bytes)
1749142181.269391 sending message 112 to peer 0x5e835402f9c0 (13 bytes)
1749142181.269404 sending message 112 to peer 0x5e835402f9c0 (9 bytes)
1749142181.269416 sending message 112 to peer 0x5e835402f9c0 (21 bytes)
1749142181.269428 sending message 112 to peer 0x5e835402f9c0 (13 bytes)
1749142181.269440 sending message 112 to peer 0x5e835402f9c0 (8 bytes)
1749142181.269452 sending message 112 to peer 0x5e835402f9c0 (12 bytes)
1749142181.269464 sending message 112 to peer 0x5e835402f9c0 (13 bytes)
1749142181.269477 sending message 112 to peer 0x5e835402f9c0 (9 bytes)
1749142181.269488 sending message 112 to peer 0x5e835402f9c0 (9 bytes)
1749142181.269501 sending message 112 to peer 0x5e835402f9c0 (12 bytes)
1749142181.269513 sending message 112 to peer 0x5e835402f9c0 (8 bytes)
1749142181.269525 sending message 112 to peer 0x5e835402f9c0 (8 bytes)
1749142181.269538 sending message 112 to peer 0x5e835402f9c0 (7 bytes)
1749142181.269550 sending message 112 to peer 0x5e835402f9c0 (7 bytes)
1749142181.269562 sending message 112 to peer 0x5e835402f9c0 (9 bytes)
1749142181.269574 sending message 112 to peer 0x5e835402f9c0 (13 bytes)
1749142181.269586 sending message 112 to peer 0x5e835402f9c0 (6 bytes)
1749142181.269598 sending message 112 to peer 0x5e835402f9c0 (9 bytes)
1749142181.269610 sending message 112 to peer 0x5e835402f9c0 (15 bytes)
1749142181.269622 sending message 112 to peer 0x5e835402f9c0 (13 bytes)
1749142181.269635 sending message 112 to peer 0x5e835402f9c0 (12 bytes)
1749142181.269647 sending message 112 to peer 0x5e835402f9c0 (8 bytes)
1749142181.269659 sending message 112 to peer 0x5e835402f9c0 (14 bytes)
1749142181.269672 sending message 112 to peer 0x5e835402f9c0 (11 bytes)
1749142181.269684 sending message 112 to peer 0x5e835402f9c0 (9 bytes)
1749142181.269696 sending message 112 to peer 0x5e835402f9c0 (10 bytes)
1749142181.269708 sending message 112 to peer 0x5e835402f9c0 (10 bytes)
1749142181.269759 sending message 112 to peer 0x5e835402f9c0 (10 bytes)
1749142181.269773 sending message 112 to peer 0x5e835402f9c0 (10 bytes)
1749142181.269785 sending message 112 to peer 0x5e835402f9c0 (11 bytes)
1749142181.269797 sending message 112 to peer 0x5e835402f9c0 (12 bytes)
1749142181.269808 sending message 112 to peer 0x5e835402f9c0 (12 bytes)
1749142181.269821 sending message 112 to peer 0x5e835402f9c0 (12 bytes)
1749142181.269833 sending message 112 to peer 0x5e835402f9c0 (12 bytes)
1749142181.269847 sending message 112 to peer 0x5e835402f9c0 (12 bytes)
1749142181.269860 sending message 112 to peer 0x5e835402f9c0 (11 bytes)
1749142181.269872 sending message 112 to peer 0x5e835402f9c0 (11 bytes)
1749142181.269884 sending message 112 to peer 0x5e835402f9c0 (12 bytes)
1749142181.269897 sending message 112 to peer 0x5e835402f9c0 (12 bytes)
1749142181.269909 sending message 112 to peer 0x5e835402f9c0 (12 bytes)
1749142181.269921 sending message 112 to peer 0x5e835402f9c0 (12 bytes)
1749142181.269933 sending message 112 to peer 0x5e835402f9c0 (12 bytes)
1749142181.269944 sending message 112 to peer 0x5e835402f9c0 (10 bytes)
1749142181.269956 sending message 112 to peer 0x5e835402f9c0 (12 bytes)
1749142181.269968 sending message 112 to peer 0x5e835402f9c0 (13 bytes)
1749142181.269980 sending message 112 to peer 0x5e835402f9c0 (13 bytes)
1749142181.269992 sending message 112 to peer 0x5e835402f9c0 (13 bytes)
1749142181.270004 sending message 112 to peer 0x5e835402f9c0 (13 bytes)
1749142181.270016 sending message 112 to peer 0x5e835402f9c0 (13 bytes)
1749142181.270027 sending message 112 to peer 0x5e835402f9c0 (8 bytes)
1749142181.270056 sending message 112 to peer 0x5e835402f9c0 (11 bytes)
1749142181.270071 sending message 112 to peer 0x5e835402f9c0 (11 bytes)
1749142181.270083 sending message 112 to peer 0x5e835402f9c0 (11 bytes)
1749142181.270095 sending message 112 to peer 0x5e835402f9c0 (12 bytes)
1749142181.270107 sending message 112 to peer 0x5e835402f9c0 (12 bytes)
1749142181.270120 sending message 112 to peer 0x5e835402f9c0 (12 bytes)
1749142181.270131 sending message 112 to peer 0x5e835402f9c0 (12 bytes)
1749142181.270143 sending message 112 to peer 0x5e835402f9c0 (13 bytes)
1749142181.270155 sending message 112 to peer 0x5e835402f9c0 (13 bytes)
1749142181.270167 sending message 112 to peer 0x5e835402f9c0 (13 bytes)
1749142181.270180 sending message 112 to peer 0x5e835402f9c0 (8 bytes)
1749142181.270192 sending message 112 to peer 0x5e835402f9c0 (13 bytes)
1749142181.270264 sending message 112 to peer 0x5e835402f9c0 (13 bytes)
1749142181.270294 sending message 112 to peer 0x5e835402f9c0 (13 bytes)
1749142181.270307 sending message 112 to peer 0x5e835402f9c0 (13 bytes)
1749142181.270319 sending message 112 to peer 0x5e835402f9c0 (13 bytes)
1749142181.270331 sending message 112 to peer 0x5e835402f9c0 (12 bytes)
1749142181.270343 sending message 112 to peer 0x5e835402f9c0 (12 bytes)
1749142181.270355 sending message 112 to peer 0x5e835402f9c0 (12 bytes)
1749142181.270366 sending message 112 to peer 0x5e835402f9c0 (12 bytes)
1749142181.270378 sending message 112 to peer 0x5e835402f9c0 (13 bytes)
1749142181.270390 sending message 112 to peer 0x5e835402f9c0 (8 bytes)
1749142181.270402 sending message 112 to peer 0x5e835402f9c0 (13 bytes)
1749142181.270415 sending message 112 to peer 0x5e835402f9c0 (13 bytes)
1749142181.270426 sending message 112 to peer 0x5e835402f9c0 (13 bytes)
1749142181.270438 sending message 112 to peer 0x5e835402f9c0 (13 bytes)
1749142181.270451 sending message 112 to peer 0x5e835402f9c0 (13 bytes)
1749142181.270465 sending message 112 to peer 0x5e835402f9c0 (13 bytes)
1749142181.270520 sending message 112 to peer 0x5e835402f9c0 (13 bytes)
1749142181.270537 sending message 112 to peer 0x5e835402f9c0 (12 bytes)
1749142181.270549 sending message 112 to peer 0x5e835402f9c0 (12 bytes)
1749142181.270561 sending message 112 to peer 0x5e835402f9c0 (12 bytes)
1749142181.270573 sending message 112 to peer 0x5e835402f9c0 (8 bytes)
1749142181.270586 sending message 112 to peer 0x5e835402f9c0 (12 bytes)
1749142181.270623 sending message 112 to peer 0x5e835402f9c0 (13 bytes)
1749142181.270636 sending message 112 to peer 0x5e835402f9c0 (13 bytes)
1749142181.270648 sending message 112 to peer 0x5e835402f9c0 (13 bytes)
1749142181.270660 sending message 112 to peer 0x5e835402f9c0 (13 bytes)
1749142181.270672 sending message 112 to peer 0x5e835402f9c0 (13 bytes)
1749142181.270684 sending message 112 to peer 0x5e835402f9c0 (13 bytes)
1749142181.270697 sending message 112 to peer 0x5e835402f9c0 (13 bytes)
1749142181.270710 sending message 112 to peer 0x5e835402f9c0 (13 bytes)
1749142181.270722 sending message 112 to peer 0x5e835402f9c0 (12 bytes)
1749142181.270734 sending message 112 to peer 0x5e835402f9c0 (10 bytes)
1749142181.270746 sending message 112 to peer 0x5e835402f9c0 (12 bytes)
1749142181.270758 sending message 112 to peer 0x5e835402f9c0 (12 bytes)
1749142181.270770 sending message 112 to peer 0x5e835402f9c0 (12 bytes)
1749142181.270782 sending message 112 to peer 0x5e835402f9c0 (13 bytes)
1749142181.270794 sending message 112 to peer 0x5e835402f9c0 (13 bytes)
1749142181.270806 sending message 112 to peer 0x5e835402f9c0 (13 bytes)
1749142181.270818 sending message 112 to peer 0x5e835402f9c0 (13 bytes)
1749142181.270831 sending message 112 to peer 0x5e835402f9c0 (13 bytes)
1749142181.270843 sending message 112 to peer 0x5e835402f9c0 (13 bytes)
1749142181.270855 sending message 112 to peer 0x5e835402f9c0 (13 bytes)
1749142181.270868 sending message 112 to peer 0x5e835402f9c0 (10 bytes)
1749142181.270879 sending message 112 to peer 0x5e835402f9c0 (13 bytes)
1749142181.270891 sending message 112 to peer 0x5e835402f9c0 (12 bytes)
1749142181.270903 sending message 112 to peer 0x5e835402f9c0 (12 bytes)
1749142181.270915 sending message 112 to peer 0x5e835402f9c0 (12 bytes)
1749142181.270926 sending message 112 to peer 0x5e835402f9c0 (10 bytes)
1749142181.270939 sending message 112 to peer 0x5e835402f9c0 (10 bytes)
1749142181.270952 sending message 112 to peer 0x5e835402f9c0 (10 bytes)
1749142181.270964 sending message 112 to peer 0x5e835402f9c0 (12 bytes)
1749142181.270977 sending message 112 to peer 0x5e835402f9c0 (13 bytes)
1749142181.270989 sending message 112 to peer 0x5e835402f9c0 (13 bytes)
1749142181.271001 sending message 112 to peer 0x5e835402f9c0 (13 bytes)
1749142181.271012 sending message 112 to peer 0x5e835402f9c0 (13 bytes)
1749142181.271024 sending message 112 to peer 0x5e835402f9c0 (13 bytes)
1749142181.271038 sending message 112 to peer 0x5e835402f9c0 (11 bytes)
1749142181.271050 sending message 112 to peer 0x5e835402f9c0 (11 bytes)
1749142181.271062 sending message 112 to peer 0x5e835402f9c0 (12 bytes)
1749142181.271074 sending message 112 to peer 0x5e835402f9c0 (12 bytes)
1749142181.271087 sending message 112 to peer 0x5e835402f9c0 (12 bytes)
1749142181.271099 sending message 112 to peer 0x5e835402f9c0 (12 bytes)
1749142181.271111 sending message 112 to peer 0x5e835402f9c0 (12 bytes)
1749142181.271123 sending message 112 to peer 0x5e835402f9c0 (11 bytes)
1749142181.271136 sending message 112 to peer 0x5e835402f9c0 (12 bytes)
1749142181.271148 sending message 112 to peer 0x5e835402f9c0 (12 bytes)
1749142181.271161 sending message 112 to peer 0x5e835402f9c0 (13 bytes)
1749142181.271173 sending message 112 to peer 0x5e835402f9c0 (13 bytes)
1749142181.271185 sending message 112 to peer 0x5e835402f9c0 (13 bytes)
1749142181.271197 sending message 112 to peer 0x5e835402f9c0 (13 bytes)
1749142181.271208 sending message 112 to peer 0x5e835402f9c0 (13 bytes)
1749142181.271221 sending message 112 to peer 0x5e835402f9c0 (10 bytes)
1749142181.271233 sending message 112 to peer 0x5e835402f9c0 (9 bytes)
1749142181.271246 sending message 112 to peer 0x5e835402f9c0 (12 bytes)
1749142181.271257 sending message 112 to peer 0x5e835402f9c0 (13 bytes)
1749142181.271269 sending message 112 to peer 0x5e835402f9c0 (13 bytes)
1749142181.271281 sending message 112 to peer 0x5e835402f9c0 (13 bytes)
1749142181.271293 sending message 112 to peer 0x5e835402f9c0 (13 bytes)
1749142181.271305 sending message 112 to peer 0x5e835402f9c0 (13 bytes)
1749142181.271335 sending message 112 to peer 0x5e835402f9c0 (9 bytes)
1749142181.271349 sending message 112 to peer 0x5e835402f9c0 (12 bytes)
1749142181.271362 sending message 112 to peer 0x5e835402f9c0 (13 bytes)
1749142181.271374 sending message 112 to peer 0x5e835402f9c0 (13 bytes)
1749142181.271386 sending message 112 to peer 0x5e835402f9c0 (13 bytes)
1749142181.271398 sending message 112 to peer 0x5e835402f9c0 (13 bytes)
1749142181.271410 sending message 112 to peer 0x5e835402f9c0 (13 bytes)
1749142181.271423 sending message 112 to peer 0x5e835402f9c0 (11 bytes)
1749142181.271435 sending message 112 to peer 0x5e835402f9c0 (12 bytes)
1749142181.271447 sending message 112 to peer 0x5e835402f9c0 (13 bytes)
1749142181.271460 sending message 112 to peer 0x5e835402f9c0 (13 bytes)
1749142181.271471 sending message 112 to peer 0x5e835402f9c0 (13 bytes)
1749142181.271602 sending message 112 to peer 0x5e835402f9c0 (13 bytes)
1749142181.271616 sending message 112 to peer 0x5e835402f9c0 (13 bytes)
1749142181.271629 sending message 112 to peer 0x5e835402f9c0 (11 bytes)
1749142181.271641 sending message 112 to peer 0x5e835402f9c0 (12 bytes)
1749142181.271654 sending message 112 to peer 0x5e835402f9c0 (12 bytes)
1749142181.271666 sending message 112 to peer 0x5e835402f9c0 (12 bytes)
1749142181.271678 sending message 112 to peer 0x5e835402f9c0 (12 bytes)
1749142181.271690 sending message 112 to peer 0x5e835402f9c0 (12 bytes)
1749142181.271703 sending message 112 to peer 0x5e835402f9c0 (21 bytes)
1749142181.271715 sending message 112 to peer 0x5e835402f9c0 (12 bytes)
1749142181.271728 sending message 112 to peer 0x5e835402f9c0 (9 bytes)
1749142181.271740 sending message 112 to peer 0x5e835402f9c0 (6 bytes)
1749142181.271752 sending message 112 to peer 0x5e835402f9c0 (13 bytes)
1749142181.271765 sending message 112 to peer 0x5e835402f9c0 (8 bytes)
1749142181.271777 sending message 112 to peer 0x5e835402f9c0 (15 bytes)
1749142181.271790 sending message 112 to peer 0x5e835402f9c0 (13 bytes)
1749142181.271802 sending message 112 to peer 0x5e835402f9c0 (9 bytes)
1749142181.271814 sending message 112 to peer 0x5e835402f9c0 (70 bytes)
1749142181.271827 sending message 112 to peer 0x5e835402f9c0 (69 bytes)
1749142181.271839 sending message 112 to peer 0x5e835402f9c0 (10 bytes)
1749142181.271851 sending message 112 to peer 0x5e835402f9c0 (10 bytes)
1749142181.271864 sending message 112 to peer 0x5e835402f9c0 (8 bytes)
1749142181.271876 sending message 112 to peer 0x5e835402f9c0 (15 bytes)
1749142181.271888 sending message 112 to peer 0x5e835402f9c0 (13 bytes)
1749142181.271901 sending message 112 to peer 0x5e835402f9c0 (10 bytes)
1749142181.271913 sending message 112 to peer 0x5e835402f9c0 (10 bytes)
1749142181.271927 sending message 112 to peer 0x5e835402f9c0 (17 bytes)
1749142181.271939 sending message 112 to peer 0x5e835402f9c0 (10 bytes)
1749142181.271953 sending message 112 to peer 0x5e835402f9c0 (13 bytes)
1749142181.271965 sending message 112 to peer 0x5e835402f9c0 (9 bytes)
1749142181.271980 sending message 112 to peer 0x5e835402f9c0 (5 bytes)
1749142181.271994 sending message 112 to peer 0x5e835402f9c0 (15 bytes)
1749142181.272011 sending message 104 to peer 0x5e835402f9c0 (0 bytes)
1749142181.272026 sending message 110 to peer 0x5e835402f9c0 (0 bytes)
1749142181.272043 sending message 107 to peer 0x5e835402f9c0 (4 bytes)
1749142181.272055 sending message 105 to peer 0x5e835402f9c0 (20 bytes)
1749142181.272068 sending message 105 to peer 0x5e835402f9c0 (54 bytes)
1749142181.272081 sending message 105 to peer 0x5e835402f9c0 (11 bytes)
1749142181.272094 sending message 105 to peer 0x5e835402f9c0 (59 bytes)
1749142181.272106 sending message 105 to peer 0x5e835402f9c0 (18 bytes)
1749142181.272118 sending message 105 to peer 0x5e835402f9c0 (16 bytes)
1749142181.272131 sending message 105 to peer 0x5e835402f9c0 (55 bytes)
1749142181.272144 sending message 105 to peer 0x5e835402f9c0 (13 bytes)
1749142181.272156 sending message 105 to peer 0x5e835402f9c0 (8 bytes)
1749142181.272168 sending message 105 to peer 0x5e835402f9c0 (15 bytes)
1749142181.272203 sending message 105 to peer 0x5e835402f9c0 (32 bytes)
1749142181.272218 sending message 105 to peer 0x5e835402f9c0 (1817 bytes)
1749142181.272257 sending message 105 to peer 0x5e835402f9c0 (11 bytes)
1749142181.272272 sending message 105 to peer 0x5e835402f9c0 (33 bytes)
1749142181.272285 sending message 105 to peer 0x5e835402f9c0 (12 bytes)
1749142181.272298 sending message 105 to peer 0x5e835402f9c0 (11 bytes)
1749142181.272311 sending message 105 to peer 0x5e835402f9c0 (1441 bytes)
1749142181.272324 sending message 105 to peer 0x5e835402f9c0 (40 bytes)
1749142181.272337 sending message 105 to peer 0x5e835402f9c0 (30 bytes)
1749142181.272350 sending message 105 to peer 0x5e835402f9c0 (46 bytes)
1749142181.272362 sending message 105 to peer 0x5e835402f9c0 (54 bytes)
1749142181.272375 sending message 105 to peer 0x5e835402f9c0 (32 bytes)
1749142181.272387 sending message 105 to peer 0x5e835402f9c0 (25 bytes)
1749142181.272400 sending message 105 to peer 0x5e835402f9c0 (19 bytes)
1749142181.272412 sending message 105 to peer 0x5e835402f9c0 (8 bytes)
1749142181.272424 sending message 105 to peer 0x5e835402f9c0 (19 bytes)
1749142181.272437 sending message 105 to peer 0x5e835402f9c0 (18 bytes)
1749142181.272449 sending message 105 to peer 0x5e835402f9c0 (25 bytes)
1749142181.272461 sending message 105 to peer 0x5e835402f9c0 (35 bytes)
1749142181.272474 sending message 105 to peer 0x5e835402f9c0 (13 bytes)
1749142181.272485 sending message 105 to peer 0x5e835402f9c0 (60 bytes)
1749142181.272498 sending message 105 to peer 0x5e835402f9c0 (12 bytes)
1749142181.272511 sending message 105 to peer 0x5e835402f9c0 (26 bytes)
1749142181.272523 sending message 105 to peer 0x5e835402f9c0 (28 bytes)
1749142181.272536 sending message 105 to peer 0x5e835402f9c0 (24 bytes)
1749142181.272548 sending message 105 to peer 0x5e835402f9c0 (56 bytes)
1749142181.272561 sending message 105 to peer 0x5e835402f9c0 (29 bytes)
1749142181.272573 sending message 105 to peer 0x5e835402f9c0 (33 bytes)
1749142181.272586 sending message 105 to peer 0x5e835402f9c0 (32 bytes)
1749142181.272598 sending message 105 to peer 0x5e835402f9c0 (28 bytes)
1749142181.272610 sending message 105 to peer 0x5e835402f9c0 (16 bytes)
1749142181.272622 sending message 105 to peer 0x5e835402f9c0 (24 bytes)
1749142181.272634 sending message 105 to peer 0x5e835402f9c0 (20 bytes)
1749142181.272648 sending message 105 to peer 0x5e835402f9c0 (21 bytes)
1749142181.272661 sending message 105 to peer 0x5e835402f9c0 (10 bytes)
1749142181.272673 sending message 106 to peer 0x5e835402f9c0 (0 bytes)
1749142181.273577 sending message 200 to peer 0x5e835402f9c0 (4 bytes)
1749142181.273608 client loop enter
1749142181.274728 peer 0x5e835402f9c0 message 303
1749142181.274869 open write file 2 -
1749142181.274905 sending message 305 to peer 0x5e835402f9c0 (8 bytes)
1749142181.274972 write check file 2
1749142181.275534 peer 0x5e835402f9c0 message 304
1749142181.275648 write 58 to file 2
1749142181.275673 peer 0x5e835402f9c0 message 203
1749142181.275686 file 2 58 bytes left
1749142181.275745 write check file 2
1749142181.275763 client loop exit
